2020-12-11 10:52:12,290 INFO 8028 [Timer] D:\project\users\coindataService\node_modules\egg-multipart\app\schedule\clean_tmpdir.js next time will execute after 63467714ms at 2020-12-12 04:30:00.004
2020-12-11 10:52:12,291 INFO 8028 [Timer] D:\project\users\coindataService\node_modules\egg-logrotator\app\schedule\clean_log.js next time will execute after 47267710ms at 2020-12-12 00:00:00.001
2020-12-11 10:52:12,291 INFO 8028 [Timer] D:\project\users\coindataService\node_modules\egg-logrotator\app\schedule\rotate_by_file.js next time will execute after 47268709ms at 2020-12-12 00:00:01.000
2020-12-11 10:52:12,130 INFO 10644 [egg-schedule]: register schedule D:\project\users\coindataService\node_modules\egg-multipart\app\schedule\clean_tmpdir.js
2020-12-11 10:52:12,130 INFO 10644 [egg-schedule]: register schedule D:\project\users\coindataService\node_modules\egg-logrotator\app\schedule\clean_log.js
2020-12-11 10:52:12,130 INFO 10644 [egg-schedule]: register schedule D:\project\users\coindataService\node_modules\egg-logrotator\app\schedule\rotate_by_file.js
2020-12-11 13:53:00,511 INFO 12040 [Timer] D:\project\users\coindataService\node_modules\egg-multipart\app\schedule\clean_tmpdir.js next time will execute after 52619492ms at 2020-12-12 04:30:00.003
2020-12-11 13:53:00,512 INFO 12040 [Timer] D:\project\users\coindataService\node_modules\egg-logrotator\app\schedule\clean_log.js next time will execute after 36419489ms at 2020-12-12 00:00:00.001
2020-12-11 13:53:00,512 INFO 12040 [Timer] D:\project\users\coindataService\node_modules\egg-logrotator\app\schedule\rotate_by_file.js next time will execute after 36420488ms at 2020-12-12 00:00:01.000
2020-12-11 13:53:00,381 INFO 13344 [egg-schedule]: register schedule D:\project\users\coindataService\node_modules\egg-multipart\app\schedule\clean_tmpdir.js
2020-12-11 13:53:00,381 INFO 13344 [egg-schedule]: register schedule D:\project\users\coindataService\node_modules\egg-logrotator\app\schedule\clean_log.js
2020-12-11 13:53:00,381 INFO 13344 [egg-schedule]: register schedule D:\project\users\coindataService\node_modules\egg-logrotator\app\schedule\rotate_by_file.js
2020-12-11 14:05:57,375 INFO 11064 [egg-schedule]: register schedule D:\project\users\coindataService\node_modules\egg-multipart\app\schedule\clean_tmpdir.js
2020-12-11 14:05:57,375 INFO 11064 [egg-schedule]: register schedule D:\project\users\coindataService\node_modules\egg-logrotator\app\schedule\clean_log.js
2020-12-11 14:05:57,375 INFO 11064 [egg-schedule]: register schedule D:\project\users\coindataService\node_modules\egg-logrotator\app\schedule\rotate_by_file.js
2020-12-11 14:06:19,786 INFO 10636 [egg-schedule]: register schedule D:\project\users\coindataService\node_modules\egg-multipart\app\schedule\clean_tmpdir.js
2020-12-11 14:06:19,786 INFO 10636 [egg-schedule]: register schedule D:\project\users\coindataService\node_modules\egg-logrotator\app\schedule\clean_log.js
2020-12-11 14:06:19,786 INFO 10636 [egg-schedule]: register schedule D:\project\users\coindataService\node_modules\egg-logrotator\app\schedule\rotate_by_file.js
2020-12-11 14:06:41,400 INFO 12668 [egg-schedule]: register schedule D:\project\users\coindataService\node_modules\egg-multipart\app\schedule\clean_tmpdir.js
2020-12-11 14:06:41,400 INFO 12668 [egg-schedule]: register schedule D:\project\users\coindataService\node_modules\egg-logrotator\app\schedule\clean_log.js
2020-12-11 14:06:41,400 INFO 12668 [egg-schedule]: register schedule D:\project\users\coindataService\node_modules\egg-logrotator\app\schedule\rotate_by_file.js
2020-12-11 14:06:48,402 INFO 1516 [egg-schedule]: register schedule D:\project\users\coindataService\node_modules\egg-multipart\app\schedule\clean_tmpdir.js
2020-12-11 14:06:48,402 INFO 1516 [egg-schedule]: register schedule D:\project\users\coindataService\node_modules\egg-logrotator\app\schedule\clean_log.js
2020-12-11 14:06:48,402 INFO 1516 [egg-schedule]: register schedule D:\project\users\coindataService\node_modules\egg-logrotator\app\schedule\rotate_by_file.js
2020-12-11 14:06:52,532 INFO 13220 [egg-schedule]: register schedule D:\project\users\coindataService\node_modules\egg-multipart\app\schedule\clean_tmpdir.js
2020-12-11 14:06:52,532 INFO 13220 [egg-schedule]: register schedule D:\project\users\coindataService\node_modules\egg-logrotator\app\schedule\clean_log.js
2020-12-11 14:06:52,532 INFO 13220 [egg-schedule]: register schedule D:\project\users\coindataService\node_modules\egg-logrotator\app\schedule\rotate_by_file.js
2020-12-11 14:07:42,977 INFO 13752 [egg-schedule]: register schedule D:\project\users\coindataService\node_modules\egg-multipart\app\schedule\clean_tmpdir.js
2020-12-11 14:07:42,977 INFO 13752 [egg-schedule]: register schedule D:\project\users\coindataService\node_modules\egg-logrotator\app\schedule\clean_log.js
2020-12-11 14:07:42,977 INFO 13752 [egg-schedule]: register schedule D:\project\users\coindataService\node_modules\egg-logrotator\app\schedule\rotate_by_file.js
2020-12-11 14:08:03,963 INFO 14136 [egg-schedule]: register schedule D:\project\users\coindataService\node_modules\egg-multipart\app\schedule\clean_tmpdir.js
2020-12-11 14:08:03,963 INFO 14136 [egg-schedule]: register schedule D:\project\users\coindataService\node_modules\egg-logrotator\app\schedule\clean_log.js
2020-12-11 14:08:03,963 INFO 14136 [egg-schedule]: register schedule D:\project\users\coindataService\node_modules\egg-logrotator\app\schedule\rotate_by_file.js
2020-12-11 14:08:09,914 INFO 10196 [egg-schedule]: register schedule D:\project\users\coindataService\node_modules\egg-multipart\app\schedule\clean_tmpdir.js
2020-12-11 14:08:09,914 INFO 10196 [egg-schedule]: register schedule D:\project\users\coindataService\node_modules\egg-logrotator\app\schedule\clean_log.js
2020-12-11 14:08:09,914 INFO 10196 [egg-schedule]: register schedule D:\project\users\coindataService\node_modules\egg-logrotator\app\schedule\rotate_by_file.js
2020-12-11 14:08:29,086 INFO 4868 [egg-schedule]: register schedule D:\project\users\coindataService\node_modules\egg-multipart\app\schedule\clean_tmpdir.js
2020-12-11 14:08:29,086 INFO 4868 [egg-schedule]: register schedule D:\project\users\coindataService\node_modules\egg-logrotator\app\schedule\clean_log.js
2020-12-11 14:08:29,086 INFO 4868 [egg-schedule]: register schedule D:\project\users\coindataService\node_modules\egg-logrotator\app\schedule\rotate_by_file.js
2020-12-11 14:08:32,334 INFO 11600 [egg-schedule]: register schedule D:\project\users\coindataService\node_modules\egg-multipart\app\schedule\clean_tmpdir.js
2020-12-11 14:08:32,334 INFO 11600 [egg-schedule]: register schedule D:\project\users\coindataService\node_modules\egg-logrotator\app\schedule\clean_log.js
2020-12-11 14:08:32,334 INFO 11600 [egg-schedule]: register schedule D:\project\users\coindataService\node_modules\egg-logrotator\app\schedule\rotate_by_file.js
2020-12-11 14:27:14,048 INFO 6064 [egg-schedule]: register schedule D:\project\users\coindataService\node_modules\egg-multipart\app\schedule\clean_tmpdir.js
2020-12-11 14:27:14,048 INFO 6064 [egg-schedule]: register schedule D:\project\users\coindataService\node_modules\egg-logrotator\app\schedule\clean_log.js
2020-12-11 14:27:14,048 INFO 6064 [egg-schedule]: register schedule D:\project\users\coindataService\node_modules\egg-logrotator\app\schedule\rotate_by_file.js
2020-12-11 14:28:18,114 INFO 13376 [egg-schedule]: register schedule D:\project\users\coindataService\node_modules\egg-multipart\app\schedule\clean_tmpdir.js
2020-12-11 14:28:18,114 INFO 13376 [egg-schedule]: register schedule D:\project\users\coindataService\node_modules\egg-logrotator\app\schedule\clean_log.js
2020-12-11 14:28:18,114 INFO 13376 [egg-schedule]: register schedule D:\project\users\coindataService\node_modules\egg-logrotator\app\schedule\rotate_by_file.js
2020-12-11 14:28:34,394 INFO 5284 [egg-schedule]: register schedule D:\project\users\coindataService\node_modules\egg-multipart\app\schedule\clean_tmpdir.js
2020-12-11 14:28:34,394 INFO 5284 [egg-schedule]: register schedule D:\project\users\coindataService\node_modules\egg-logrotator\app\schedule\clean_log.js
2020-12-11 14:28:34,394 INFO 5284 [egg-schedule]: register schedule D:\project\users\coindataService\node_modules\egg-logrotator\app\schedule\rotate_by_file.js
2020-12-11 14:29:53,845 INFO 3908 [egg-schedule]: register schedule D:\project\users\coindataService\node_modules\egg-multipart\app\schedule\clean_tmpdir.js
2020-12-11 14:29:53,845 INFO 3908 [egg-schedule]: register schedule D:\project\users\coindataService\node_modules\egg-logrotator\app\schedule\clean_log.js
2020-12-11 14:29:53,845 INFO 3908 [egg-schedule]: register schedule D:\project\users\coindataService\node_modules\egg-logrotator\app\schedule\rotate_by_file.js
2020-12-11 14:29:59,462 INFO 14072 [egg-schedule]: register schedule D:\project\users\coindataService\node_modules\egg-multipart\app\schedule\clean_tmpdir.js
2020-12-11 14:29:59,463 INFO 14072 [egg-schedule]: register schedule D:\project\users\coindataService\node_modules\egg-logrotator\app\schedule\clean_log.js
2020-12-11 14:29:59,463 INFO 14072 [egg-schedule]: register schedule D:\project\users\coindataService\node_modules\egg-logrotator\app\schedule\rotate_by_file.js
2020-12-11 14:30:09,329 INFO 4352 [egg-schedule]: register schedule D:\project\users\coindataService\node_modules\egg-multipart\app\schedule\clean_tmpdir.js
2020-12-11 14:30:09,329 INFO 4352 [egg-schedule]: register schedule D:\project\users\coindataService\node_modules\egg-logrotator\app\schedule\clean_log.js
2020-12-11 14:30:09,329 INFO 4352 [egg-schedule]: register schedule D:\project\users\coindataService\node_modules\egg-logrotator\app\schedule\rotate_by_file.js
2020-12-11 14:30:16,883 INFO 9920 [egg-schedule]: register schedule D:\project\users\coindataService\node_modules\egg-multipart\app\schedule\clean_tmpdir.js
2020-12-11 14:30:16,883 INFO 9920 [egg-schedule]: register schedule D:\project\users\coindataService\node_modules\egg-logrotator\app\schedule\clean_log.js
2020-12-11 14:30:16,883 INFO 9920 [egg-schedule]: register schedule D:\project\users\coindataService\node_modules\egg-logrotator\app\schedule\rotate_by_file.js
2020-12-11 14:30:19,484 INFO 14172 [egg-schedule]: register schedule D:\project\users\coindataService\node_modules\egg-multipart\app\schedule\clean_tmpdir.js
2020-12-11 14:30:19,484 INFO 14172 [egg-schedule]: register schedule D:\project\users\coindataService\node_modules\egg-logrotator\app\schedule\clean_log.js
2020-12-11 14:30:19,484 INFO 14172 [egg-schedule]: register schedule D:\project\users\coindataService\node_modules\egg-logrotator\app\schedule\rotate_by_file.js
2020-12-11 14:30:28,494 INFO 4536 [egg-schedule]: register schedule D:\project\users\coindataService\node_modules\egg-multipart\app\schedule\clean_tmpdir.js
2020-12-11 14:30:28,494 INFO 4536 [egg-schedule]: register schedule D:\project\users\coindataService\node_modules\egg-logrotator\app\schedule\clean_log.js
2020-12-11 14:30:28,494 INFO 4536 [egg-schedule]: register schedule D:\project\users\coindataService\node_modules\egg-logrotator\app\schedule\rotate_by_file.js
2020-12-11 14:30:47,577 INFO 8772 [egg-schedule]: register schedule D:\project\users\coindataService\node_modules\egg-multipart\app\schedule\clean_tmpdir.js
2020-12-11 14:30:47,577 INFO 8772 [egg-schedule]: register schedule D:\project\users\coindataService\node_modules\egg-logrotator\app\schedule\clean_log.js
2020-12-11 14:30:47,577 INFO 8772 [egg-schedule]: register schedule D:\project\users\coindataService\node_modules\egg-logrotator\app\schedule\rotate_by_file.js
2020-12-11 14:31:05,033 INFO 2288 [egg-schedule]: register schedule D:\project\users\coindataService\node_modules\egg-multipart\app\schedule\clean_tmpdir.js
2020-12-11 14:31:05,033 INFO 2288 [egg-schedule]: register schedule D:\project\users\coindataService\node_modules\egg-logrotator\app\schedule\clean_log.js
2020-12-11 14:31:05,033 INFO 2288 [egg-schedule]: register schedule D:\project\users\coindataService\node_modules\egg-logrotator\app\schedule\rotate_by_file.js
2020-12-11 14:59:57,585 INFO 12384 [egg-schedule]: register schedule D:\project\users\coindataService\node_modules\egg-multipart\app\schedule\clean_tmpdir.js
2020-12-11 14:59:57,585 INFO 12384 [egg-schedule]: register schedule D:\project\users\coindataService\node_modules\egg-logrotator\app\schedule\clean_log.js
2020-12-11 14:59:57,585 INFO 12384 [egg-schedule]: register schedule D:\project\users\coindataService\node_modules\egg-logrotator\app\schedule\rotate_by_file.js
2020-12-11 14:59:57,753 INFO 10468 [Timer] D:\project\users\coindataService\node_modules\egg-multipart\app\schedule\clean_tmpdir.js next time will execute after 48602251ms at 2020-12-12 04:30:00.004
2020-12-11 14:59:57,754 INFO 10468 [Timer] D:\project\users\coindataService\node_modules\egg-logrotator\app\schedule\clean_log.js next time will execute after 32402246ms at 2020-12-12 00:00:00.000
2020-12-11 14:59:57,755 INFO 10468 [Timer] D:\project\users\coindataService\node_modules\egg-logrotator\app\schedule\rotate_by_file.js next time will execute after 32403246ms at 2020-12-12 00:00:01.001
2020-12-11 14:59:58,780 INFO 8448 [egg-schedule]: register schedule D:\project\users\coindataService\node_modules\egg-multipart\app\schedule\clean_tmpdir.js
2020-12-11 14:59:58,780 INFO 8448 [egg-schedule]: register schedule D:\project\users\coindataService\node_modules\egg-logrotator\app\schedule\clean_log.js
2020-12-11 14:59:58,780 INFO 8448 [egg-schedule]: register schedule D:\project\users\coindataService\node_modules\egg-logrotator\app\schedule\rotate_by_file.js
2020-12-11 15:00:50,018 INFO 3052 [egg-schedule]: register schedule D:\project\users\coindataService\node_modules\egg-multipart\app\schedule\clean_tmpdir.js
2020-12-11 15:00:50,018 INFO 3052 [egg-schedule]: register schedule D:\project\users\coindataService\node_modules\egg-logrotator\app\schedule\clean_log.js
2020-12-11 15:00:50,018 INFO 3052 [egg-schedule]: register schedule D:\project\users\coindataService\node_modules\egg-logrotator\app\schedule\rotate_by_file.js
2020-12-11 15:08:50,273 INFO 11228 [egg-schedule]: register schedule D:\project\users\coindataService\node_modules\egg-multipart\app\schedule\clean_tmpdir.js
2020-12-11 15:08:50,273 INFO 11228 [egg-schedule]: register schedule D:\project\users\coindataService\node_modules\egg-logrotator\app\schedule\clean_log.js
2020-12-11 15:08:50,273 INFO 11228 [egg-schedule]: register schedule D:\project\users\coindataService\node_modules\egg-logrotator\app\schedule\rotate_by_file.js
2020-12-11 15:09:54,913 INFO 11908 [egg-schedule]: register schedule D:\project\users\coindataService\node_modules\egg-multipart\app\schedule\clean_tmpdir.js
2020-12-11 15:09:54,913 INFO 11908 [egg-schedule]: register schedule D:\project\users\coindataService\node_modules\egg-logrotator\app\schedule\clean_log.js
2020-12-11 15:09:54,913 INFO 11908 [egg-schedule]: register schedule D:\project\users\coindataService\node_modules\egg-logrotator\app\schedule\rotate_by_file.js
2020-12-11 15:11:29,970 INFO 632 [egg-schedule]: register schedule D:\project\users\coindataService\node_modules\egg-multipart\app\schedule\clean_tmpdir.js
2020-12-11 15:11:29,971 INFO 632 [egg-schedule]: register schedule D:\project\users\coindataService\node_modules\egg-logrotator\app\schedule\clean_log.js
2020-12-11 15:11:29,971 INFO 632 [egg-schedule]: register schedule D:\project\users\coindataService\node_modules\egg-logrotator\app\schedule\rotate_by_file.js
2020-12-11 15:11:33,404 INFO 12544 [egg-schedule]: register schedule D:\project\users\coindataService\node_modules\egg-multipart\app\schedule\clean_tmpdir.js
2020-12-11 15:11:33,404 INFO 12544 [egg-schedule]: register schedule D:\project\users\coindataService\node_modules\egg-logrotator\app\schedule\clean_log.js
2020-12-11 15:11:33,404 INFO 12544 [egg-schedule]: register schedule D:\project\users\coindataService\node_modules\egg-logrotator\app\schedule\rotate_by_file.js
2020-12-11 15:12:57,551 INFO 2232 [egg-schedule]: register schedule D:\project\users\coindataService\node_modules\egg-multipart\app\schedule\clean_tmpdir.js
2020-12-11 15:12:57,551 INFO 2232 [egg-schedule]: register schedule D:\project\users\coindataService\node_modules\egg-logrotator\app\schedule\clean_log.js
2020-12-11 15:12:57,551 INFO 2232 [egg-schedule]: register schedule D:\project\users\coindataService\node_modules\egg-logrotator\app\schedule\rotate_by_file.js
2020-12-11 15:14:19,724 INFO 11808 [egg-schedule]: register schedule D:\project\users\coindataService\node_modules\egg-multipart\app\schedule\clean_tmpdir.js
2020-12-11 15:14:19,724 INFO 11808 [egg-schedule]: register schedule D:\project\users\coindataService\node_modules\egg-logrotator\app\schedule\clean_log.js
2020-12-11 15:14:19,724 INFO 11808 [egg-schedule]: register schedule D:\project\users\coindataService\node_modules\egg-logrotator\app\schedule\rotate_by_file.js
2020-12-11 15:16:09,636 INFO 3356 [egg-schedule]: register schedule D:\project\users\coindataService\node_modules\egg-multipart\app\schedule\clean_tmpdir.js
2020-12-11 15:16:09,637 INFO 3356 [egg-schedule]: register schedule D:\project\users\coindataService\node_modules\egg-logrotator\app\schedule\clean_log.js
2020-12-11 15:16:09,637 INFO 3356 [egg-schedule]: register schedule D:\project\users\coindataService\node_modules\egg-logrotator\app\schedule\rotate_by_file.js
2020-12-11 15:16:51,203 INFO 7044 [egg-schedule]: register schedule D:\project\users\coindataService\node_modules\egg-multipart\app\schedule\clean_tmpdir.js
2020-12-11 15:16:51,203 INFO 7044 [egg-schedule]: register schedule D:\project\users\coindataService\node_modules\egg-logrotator\app\schedule\clean_log.js
2020-12-11 15:16:51,203 INFO 7044 [egg-schedule]: register schedule D:\project\users\coindataService\node_modules\egg-logrotator\app\schedule\rotate_by_file.js
2020-12-11 15:16:57,869 INFO 1876 [egg-schedule]: register schedule D:\project\users\coindataService\node_modules\egg-multipart\app\schedule\clean_tmpdir.js
2020-12-11 15:16:57,869 INFO 1876 [egg-schedule]: register schedule D:\project\users\coindataService\node_modules\egg-logrotator\app\schedule\clean_log.js
2020-12-11 15:16:57,869 INFO 1876 [egg-schedule]: register schedule D:\project\users\coindataService\node_modules\egg-logrotator\app\schedule\rotate_by_file.js
2020-12-11 15:17:48,046 INFO 13752 [egg-schedule]: register schedule D:\project\users\coindataService\node_modules\egg-multipart\app\schedule\clean_tmpdir.js
2020-12-11 15:17:48,046 INFO 13752 [egg-schedule]: register schedule D:\project\users\coindataService\node_modules\egg-logrotator\app\schedule\clean_log.js
2020-12-11 15:17:48,046 INFO 13752 [egg-schedule]: register schedule D:\project\users\coindataService\node_modules\egg-logrotator\app\schedule\rotate_by_file.js
2020-12-11 15:18:00,314 INFO 2508 [egg-schedule]: register schedule D:\project\users\coindataService\node_modules\egg-multipart\app\schedule\clean_tmpdir.js
2020-12-11 15:18:00,314 INFO 2508 [egg-schedule]: register schedule D:\project\users\coindataService\node_modules\egg-logrotator\app\schedule\clean_log.js
2020-12-11 15:18:00,314 INFO 2508 [egg-schedule]: register schedule D:\project\users\coindataService\node_modules\egg-logrotator\app\schedule\rotate_by_file.js
2020-12-11 15:18:02,876 INFO 12360 [egg-schedule]: register schedule D:\project\users\coindataService\node_modules\egg-multipart\app\schedule\clean_tmpdir.js
2020-12-11 15:18:02,876 INFO 12360 [egg-schedule]: register schedule D:\project\users\coindataService\node_modules\egg-logrotator\app\schedule\clean_log.js
2020-12-11 15:18:02,876 INFO 12360 [egg-schedule]: register schedule D:\project\users\coindataService\node_modules\egg-logrotator\app\schedule\rotate_by_file.js
2020-12-11 15:18:04,916 INFO 11096 [egg-schedule]: register schedule D:\project\users\coindataService\node_modules\egg-multipart\app\schedule\clean_tmpdir.js
2020-12-11 15:18:04,916 INFO 11096 [egg-schedule]: register schedule D:\project\users\coindataService\node_modules\egg-logrotator\app\schedule\clean_log.js
2020-12-11 15:18:04,916 INFO 11096 [egg-schedule]: register schedule D:\project\users\coindataService\node_modules\egg-logrotator\app\schedule\rotate_by_file.js
2020-12-11 15:41:36,814 INFO 13460 [egg-schedule]: register schedule D:\project\users\coindataService\node_modules\egg-multipart\app\schedule\clean_tmpdir.js
2020-12-11 15:41:36,814 INFO 13460 [egg-schedule]: register schedule D:\project\users\coindataService\node_modules\egg-logrotator\app\schedule\clean_log.js
2020-12-11 15:41:36,814 INFO 13460 [egg-schedule]: register schedule D:\project\users\coindataService\node_modules\egg-logrotator\app\schedule\rotate_by_file.js
2020-12-11 15:44:27,889 INFO 12504 [egg-schedule]: register schedule D:\project\users\coindataService\node_modules\egg-multipart\app\schedule\clean_tmpdir.js
2020-12-11 15:44:27,889 INFO 12504 [egg-schedule]: register schedule D:\project\users\coindataService\node_modules\egg-logrotator\app\schedule\clean_log.js
2020-12-11 15:44:27,889 INFO 12504 [egg-schedule]: register schedule D:\project\users\coindataService\node_modules\egg-logrotator\app\schedule\rotate_by_file.js
2020-12-11 15:45:51,950 INFO 10792 [egg-schedule]: register schedule D:\project\users\coindataService\node_modules\egg-multipart\app\schedule\clean_tmpdir.js
2020-12-11 15:45:51,950 INFO 10792 [egg-schedule]: register schedule D:\project\users\coindataService\node_modules\egg-logrotator\app\schedule\clean_log.js
2020-12-11 15:45:51,950 INFO 10792 [egg-schedule]: register schedule D:\project\users\coindataService\node_modules\egg-logrotator\app\schedule\rotate_by_file.js
2020-12-11 15:45:55,576 INFO 1880 [egg-schedule]: register schedule D:\project\users\coindataService\node_modules\egg-multipart\app\schedule\clean_tmpdir.js
2020-12-11 15:45:55,576 INFO 1880 [egg-schedule]: register schedule D:\project\users\coindataService\node_modules\egg-logrotator\app\schedule\clean_log.js
2020-12-11 15:45:55,576 INFO 1880 [egg-schedule]: register schedule D:\project\users\coindataService\node_modules\egg-logrotator\app\schedule\rotate_by_file.js
2020-12-11 15:47:34,013 INFO 12892 [egg-schedule]: register schedule D:\project\users\coindataService\node_modules\egg-multipart\app\schedule\clean_tmpdir.js
2020-12-11 15:47:34,013 INFO 12892 [egg-schedule]: register schedule D:\project\users\coindataService\node_modules\egg-logrotator\app\schedule\clean_log.js
2020-12-11 15:47:34,013 INFO 12892 [egg-schedule]: register schedule D:\project\users\coindataService\node_modules\egg-logrotator\app\schedule\rotate_by_file.js
2020-12-11 15:48:20,030 INFO 3188 [egg-schedule]: register schedule D:\project\users\coindataService\node_modules\egg-multipart\app\schedule\clean_tmpdir.js
2020-12-11 15:48:20,030 INFO 3188 [egg-schedule]: register schedule D:\project\users\coindataService\node_modules\egg-logrotator\app\schedule\clean_log.js
2020-12-11 15:48:20,030 INFO 3188 [egg-schedule]: register schedule D:\project\users\coindataService\node_modules\egg-logrotator\app\schedule\rotate_by_file.js
2020-12-11 15:48:21,948 INFO 12504 [egg-schedule]: register schedule D:\project\users\coindataService\node_modules\egg-multipart\app\schedule\clean_tmpdir.js
2020-12-11 15:48:21,948 INFO 12504 [egg-schedule]: register schedule D:\project\users\coindataService\node_modules\egg-logrotator\app\schedule\clean_log.js
2020-12-11 15:48:21,948 INFO 12504 [egg-schedule]: register schedule D:\project\users\coindataService\node_modules\egg-logrotator\app\schedule\rotate_by_file.js
2020-12-11 15:49:27,393 INFO 5164 [egg-schedule]: register schedule D:\project\users\coindataService\node_modules\egg-multipart\app\schedule\clean_tmpdir.js
2020-12-11 15:49:27,393 INFO 5164 [egg-schedule]: register schedule D:\project\users\coindataService\node_modules\egg-logrotator\app\schedule\clean_log.js
2020-12-11 15:49:27,393 INFO 5164 [egg-schedule]: register schedule D:\project\users\coindataService\node_modules\egg-logrotator\app\schedule\rotate_by_file.js
2020-12-11 15:49:37,279 INFO 12856 [egg-schedule]: register schedule D:\project\users\coindataService\node_modules\egg-multipart\app\schedule\clean_tmpdir.js
2020-12-11 15:49:37,279 INFO 12856 [egg-schedule]: register schedule D:\project\users\coindataService\node_modules\egg-logrotator\app\schedule\clean_log.js
2020-12-11 15:49:37,279 INFO 12856 [egg-schedule]: register schedule D:\project\users\coindataService\node_modules\egg-logrotator\app\schedule\rotate_by_file.js
2020-12-11 15:49:38,638 INFO 3360 [egg-schedule]: register schedule D:\project\users\coindataService\node_modules\egg-multipart\app\schedule\clean_tmpdir.js
2020-12-11 15:49:38,638 INFO 3360 [egg-schedule]: register schedule D:\project\users\coindataService\node_modules\egg-logrotator\app\schedule\clean_log.js
2020-12-11 15:49:38,638 INFO 3360 [egg-schedule]: register schedule D:\project\users\coindataService\node_modules\egg-logrotator\app\schedule\rotate_by_file.js
2020-12-11 15:55:03,742 INFO 2512 [egg-schedule]: register schedule D:\project\users\coindataService\node_modules\egg-multipart\app\schedule\clean_tmpdir.js
2020-12-11 15:55:03,742 INFO 2512 [egg-schedule]: register schedule D:\project\users\coindataService\node_modules\egg-logrotator\app\schedule\clean_log.js
2020-12-11 15:55:03,742 INFO 2512 [egg-schedule]: register schedule D:\project\users\coindataService\node_modules\egg-logrotator\app\schedule\rotate_by_file.js
2020-12-11 15:55:04,681 INFO 13208 [egg-schedule]: register schedule D:\project\users\coindataService\node_modules\egg-multipart\app\schedule\clean_tmpdir.js
2020-12-11 15:55:04,681 INFO 13208 [egg-schedule]: register schedule D:\project\users\coindataService\node_modules\egg-logrotator\app\schedule\clean_log.js
2020-12-11 15:55:04,681 INFO 13208 [egg-schedule]: register schedule D:\project\users\coindataService\node_modules\egg-logrotator\app\schedule\rotate_by_file.js
2020-12-11 15:55:19,278 INFO 9208 [egg-schedule]: register schedule D:\project\users\coindataService\node_modules\egg-multipart\app\schedule\clean_tmpdir.js
2020-12-11 15:55:19,278 INFO 9208 [egg-schedule]: register schedule D:\project\users\coindataService\node_modules\egg-logrotator\app\schedule\clean_log.js
2020-12-11 15:55:19,278 INFO 9208 [egg-schedule]: register schedule D:\project\users\coindataService\node_modules\egg-logrotator\app\schedule\rotate_by_file.js
2020-12-11 15:56:07,294 INFO 6008 [egg-schedule]: register schedule D:\project\users\coindataService\node_modules\egg-multipart\app\schedule\clean_tmpdir.js
2020-12-11 15:56:07,294 INFO 6008 [egg-schedule]: register schedule D:\project\users\coindataService\node_modules\egg-logrotator\app\schedule\clean_log.js
2020-12-11 15:56:07,295 INFO 6008 [egg-schedule]: register schedule D:\project\users\coindataService\node_modules\egg-logrotator\app\schedule\rotate_by_file.js
2020-12-11 15:56:40,524 INFO 328 [egg-schedule]: register schedule D:\project\users\coindataService\node_modules\egg-multipart\app\schedule\clean_tmpdir.js
2020-12-11 15:56:40,524 INFO 328 [egg-schedule]: register schedule D:\project\users\coindataService\node_modules\egg-logrotator\app\schedule\clean_log.js
2020-12-11 15:56:40,524 INFO 328 [egg-schedule]: register schedule D:\project\users\coindataService\node_modules\egg-logrotator\app\schedule\rotate_by_file.js
2020-12-11 15:56:57,624 INFO 13316 [egg-schedule]: register schedule D:\project\users\coindataService\node_modules\egg-multipart\app\schedule\clean_tmpdir.js
2020-12-11 15:56:57,624 INFO 13316 [egg-schedule]: register schedule D:\project\users\coindataService\node_modules\egg-logrotator\app\schedule\clean_log.js
2020-12-11 15:56:57,624 INFO 13316 [egg-schedule]: register schedule D:\project\users\coindataService\node_modules\egg-logrotator\app\schedule\rotate_by_file.js
2020-12-11 16:02:30,958 INFO 13808 [egg-schedule]: register schedule D:\project\users\coindataService\node_modules\egg-multipart\app\schedule\clean_tmpdir.js
2020-12-11 16:02:30,958 INFO 13808 [egg-schedule]: register schedule D:\project\users\coindataService\node_modules\egg-logrotator\app\schedule\clean_log.js
2020-12-11 16:02:30,958 INFO 13808 [egg-schedule]: register schedule D:\project\users\coindataService\node_modules\egg-logrotator\app\schedule\rotate_by_file.js
2020-12-11 16:02:38,853 INFO 7792 [egg-schedule]: register schedule D:\project\users\coindataService\node_modules\egg-multipart\app\schedule\clean_tmpdir.js
2020-12-11 16:02:38,853 INFO 7792 [egg-schedule]: register schedule D:\project\users\coindataService\node_modules\egg-logrotator\app\schedule\clean_log.js
2020-12-11 16:02:38,853 INFO 7792 [egg-schedule]: register schedule D:\project\users\coindataService\node_modules\egg-logrotator\app\schedule\rotate_by_file.js
2020-12-11 16:04:34,094 INFO 11880 [egg-schedule]: register schedule D:\project\users\coindataService\node_modules\egg-multipart\app\schedule\clean_tmpdir.js
2020-12-11 16:04:34,094 INFO 11880 [egg-schedule]: register schedule D:\project\users\coindataService\node_modules\egg-logrotator\app\schedule\clean_log.js
2020-12-11 16:04:34,094 INFO 11880 [egg-schedule]: register schedule D:\project\users\coindataService\node_modules\egg-logrotator\app\schedule\rotate_by_file.js
2020-12-11 16:05:02,263 INFO 12024 [egg-schedule]: register schedule D:\project\users\coindataService\node_modules\egg-multipart\app\schedule\clean_tmpdir.js
2020-12-11 16:05:02,263 INFO 12024 [egg-schedule]: register schedule D:\project\users\coindataService\node_modules\egg-logrotator\app\schedule\clean_log.js
2020-12-11 16:05:02,263 INFO 12024 [egg-schedule]: register schedule D:\project\users\coindataService\node_modules\egg-logrotator\app\schedule\rotate_by_file.js
2020-12-11 16:05:17,321 INFO 6592 [egg-schedule]: register schedule D:\project\users\coindataService\node_modules\egg-multipart\app\schedule\clean_tmpdir.js
2020-12-11 16:05:17,321 INFO 6592 [egg-schedule]: register schedule D:\project\users\coindataService\node_modules\egg-logrotator\app\schedule\clean_log.js
2020-12-11 16:05:17,321 INFO 6592 [egg-schedule]: register schedule D:\project\users\coindataService\node_modules\egg-logrotator\app\schedule\rotate_by_file.js
2020-12-11 16:07:55,709 INFO 13568 [egg-schedule]: register schedule D:\project\users\coindataService\node_modules\egg-multipart\app\schedule\clean_tmpdir.js
2020-12-11 16:07:55,709 INFO 13568 [egg-schedule]: register schedule D:\project\users\coindataService\node_modules\egg-logrotator\app\schedule\clean_log.js
2020-12-11 16:07:55,709 INFO 13568 [egg-schedule]: register schedule D:\project\users\coindataService\node_modules\egg-logrotator\app\schedule\rotate_by_file.js
2020-12-11 16:08:00,988 INFO 8732 [egg-schedule]: register schedule D:\project\users\coindataService\node_modules\egg-multipart\app\schedule\clean_tmpdir.js
2020-12-11 16:08:00,988 INFO 8732 [egg-schedule]: register schedule D:\project\users\coindataService\node_modules\egg-logrotator\app\schedule\clean_log.js
2020-12-11 16:08:00,988 INFO 8732 [egg-schedule]: register schedule D:\project\users\coindataService\node_modules\egg-logrotator\app\schedule\rotate_by_file.js
2020-12-11 16:09:22,213 INFO 4864 [egg-schedule]: register schedule D:\project\users\coindataService\node_modules\egg-multipart\app\schedule\clean_tmpdir.js
2020-12-11 16:09:22,213 INFO 4864 [egg-schedule]: register schedule D:\project\users\coindataService\node_modules\egg-logrotator\app\schedule\clean_log.js
2020-12-11 16:09:22,213 INFO 4864 [egg-schedule]: register schedule D:\project\users\coindataService\node_modules\egg-logrotator\app\schedule\rotate_by_file.js
2020-12-11 16:09:48,449 INFO 4912 [egg-schedule]: register schedule D:\project\users\coindataService\node_modules\egg-multipart\app\schedule\clean_tmpdir.js
2020-12-11 16:09:48,449 INFO 4912 [egg-schedule]: register schedule D:\project\users\coindataService\node_modules\egg-logrotator\app\schedule\clean_log.js
2020-12-11 16:09:48,449 INFO 4912 [egg-schedule]: register schedule D:\project\users\coindataService\node_modules\egg-logrotator\app\schedule\rotate_by_file.js
2020-12-11 16:09:56,059 INFO 4420 [egg-schedule]: register schedule D:\project\users\coindataService\node_modules\egg-multipart\app\schedule\clean_tmpdir.js
2020-12-11 16:09:56,059 INFO 4420 [egg-schedule]: register schedule D:\project\users\coindataService\node_modules\egg-logrotator\app\schedule\clean_log.js
2020-12-11 16:09:56,059 INFO 4420 [egg-schedule]: register schedule D:\project\users\coindataService\node_modules\egg-logrotator\app\schedule\rotate_by_file.js
2020-12-11 16:10:24,192 INFO 332 [egg-schedule]: register schedule D:\project\users\coindataService\node_modules\egg-multipart\app\schedule\clean_tmpdir.js
2020-12-11 16:10:24,192 INFO 332 [egg-schedule]: register schedule D:\project\users\coindataService\node_modules\egg-logrotator\app\schedule\clean_log.js
2020-12-11 16:10:24,192 INFO 332 [egg-schedule]: register schedule D:\project\users\coindataService\node_modules\egg-logrotator\app\schedule\rotate_by_file.js
2020-12-11 16:12:05,779 INFO 13736 [egg-schedule]: register schedule D:\project\users\coindataService\node_modules\egg-multipart\app\schedule\clean_tmpdir.js
2020-12-11 16:12:05,779 INFO 13736 [egg-schedule]: register schedule D:\project\users\coindataService\node_modules\egg-logrotator\app\schedule\clean_log.js
2020-12-11 16:12:05,779 INFO 13736 [egg-schedule]: register schedule D:\project\users\coindataService\node_modules\egg-logrotator\app\schedule\rotate_by_file.js
2020-12-11 16:12:24,320 INFO 4480 [egg-schedule]: register schedule D:\project\users\coindataService\node_modules\egg-multipart\app\schedule\clean_tmpdir.js
2020-12-11 16:12:24,320 INFO 4480 [egg-schedule]: register schedule D:\project\users\coindataService\node_modules\egg-logrotator\app\schedule\clean_log.js
2020-12-11 16:12:24,320 INFO 4480 [egg-schedule]: register schedule D:\project\users\coindataService\node_modules\egg-logrotator\app\schedule\rotate_by_file.js
2020-12-11 16:12:35,361 INFO 8220 [egg-schedule]: register schedule D:\project\users\coindataService\node_modules\egg-multipart\app\schedule\clean_tmpdir.js
2020-12-11 16:12:35,361 INFO 8220 [egg-schedule]: register schedule D:\project\users\coindataService\node_modules\egg-logrotator\app\schedule\clean_log.js
2020-12-11 16:12:35,361 INFO 8220 [egg-schedule]: register schedule D:\project\users\coindataService\node_modules\egg-logrotator\app\schedule\rotate_by_file.js
2020-12-11 16:31:10,211 INFO 3908 [egg-schedule]: register schedule D:\project\users\coindataService\node_modules\egg-multipart\app\schedule\clean_tmpdir.js
2020-12-11 16:31:10,211 INFO 3908 [egg-schedule]: register schedule D:\project\users\coindataService\node_modules\egg-logrotator\app\schedule\clean_log.js
2020-12-11 16:31:10,211 INFO 3908 [egg-schedule]: register schedule D:\project\users\coindataService\node_modules\egg-logrotator\app\schedule\rotate_by_file.js
2020-12-11 16:31:13,030 INFO 3600 [egg-schedule]: register schedule D:\project\users\coindataService\node_modules\egg-multipart\app\schedule\clean_tmpdir.js
2020-12-11 16:31:13,030 INFO 3600 [egg-schedule]: register schedule D:\project\users\coindataService\node_modules\egg-logrotator\app\schedule\clean_log.js
2020-12-11 16:31:13,030 INFO 3600 [egg-schedule]: register schedule D:\project\users\coindataService\node_modules\egg-logrotator\app\schedule\rotate_by_file.js
2020-12-11 16:31:18,947 INFO 4080 [egg-schedule]: register schedule D:\project\users\coindataService\node_modules\egg-multipart\app\schedule\clean_tmpdir.js
2020-12-11 16:31:18,947 INFO 4080 [egg-schedule]: register schedule D:\project\users\coindataService\node_modules\egg-logrotator\app\schedule\clean_log.js
2020-12-11 16:31:18,948 INFO 4080 [egg-schedule]: register schedule D:\project\users\coindataService\node_modules\egg-logrotator\app\schedule\rotate_by_file.js
2020-12-11 16:37:24,788 INFO 8184 [egg-schedule]: register schedule D:\project\users\coindataService\node_modules\egg-multipart\app\schedule\clean_tmpdir.js
2020-12-11 16:37:24,788 INFO 8184 [egg-schedule]: register schedule D:\project\users\coindataService\node_modules\egg-logrotator\app\schedule\clean_log.js
2020-12-11 16:37:24,788 INFO 8184 [egg-schedule]: register schedule D:\project\users\coindataService\node_modules\egg-logrotator\app\schedule\rotate_by_file.js
2020-12-11 16:37:24,943 INFO 14032 [Timer] D:\project\users\coindataService\node_modules\egg-multipart\app\schedule\clean_tmpdir.js next time will execute after 42755061ms at 2020-12-12 04:30:00.004
2020-12-11 16:37:24,944 INFO 14032 [Timer] D:\project\users\coindataService\node_modules\egg-logrotator\app\schedule\clean_log.js next time will execute after 26555057ms at 2020-12-12 00:00:00.001
2020-12-11 16:37:24,944 INFO 14032 [Timer] D:\project\users\coindataService\node_modules\egg-logrotator\app\schedule\rotate_by_file.js next time will execute after 26556056ms at 2020-12-12 00:00:01.000
2020-12-11 16:37:30,213 INFO 13740 [egg-schedule]: register schedule D:\project\users\coindataService\node_modules\egg-multipart\app\schedule\clean_tmpdir.js
2020-12-11 16:37:30,213 INFO 13740 [egg-schedule]: register schedule D:\project\users\coindataService\node_modules\egg-logrotator\app\schedule\clean_log.js
2020-12-11 16:37:30,213 INFO 13740 [egg-schedule]: register schedule D:\project\users\coindataService\node_modules\egg-logrotator\app\schedule\rotate_by_file.js
2020-12-11 16:38:04,123 INFO 12320 [egg-schedule]: register schedule D:\project\users\coindataService\node_modules\egg-multipart\app\schedule\clean_tmpdir.js
2020-12-11 16:38:04,123 INFO 12320 [egg-schedule]: register schedule D:\project\users\coindataService\node_modules\egg-logrotator\app\schedule\clean_log.js
2020-12-11 16:38:04,123 INFO 12320 [egg-schedule]: register schedule D:\project\users\coindataService\node_modules\egg-logrotator\app\schedule\rotate_by_file.js
2020-12-11 16:38:13,799 INFO 1096 [egg-schedule]: register schedule D:\project\users\coindataService\node_modules\egg-multipart\app\schedule\clean_tmpdir.js
2020-12-11 16:38:13,799 INFO 1096 [egg-schedule]: register schedule D:\project\users\coindataService\node_modules\egg-logrotator\app\schedule\clean_log.js
2020-12-11 16:38:13,799 INFO 1096 [egg-schedule]: register schedule D:\project\users\coindataService\node_modules\egg-logrotator\app\schedule\rotate_by_file.js
2020-12-11 16:38:56,132 INFO 10428 [egg-schedule]: register schedule D:\project\users\coindataService\node_modules\egg-multipart\app\schedule\clean_tmpdir.js
2020-12-11 16:38:56,132 INFO 10428 [egg-schedule]: register schedule D:\project\users\coindataService\node_modules\egg-logrotator\app\schedule\clean_log.js
2020-12-11 16:38:56,132 INFO 10428 [egg-schedule]: register schedule D:\project\users\coindataService\node_modules\egg-logrotator\app\schedule\rotate_by_file.js
2020-12-11 16:38:57,165 INFO 12780 [egg-schedule]: register schedule D:\project\users\coindataService\node_modules\egg-multipart\app\schedule\clean_tmpdir.js
2020-12-11 16:38:57,165 INFO 12780 [egg-schedule]: register schedule D:\project\users\coindataService\node_modules\egg-logrotator\app\schedule\clean_log.js
2020-12-11 16:38:57,165 INFO 12780 [egg-schedule]: register schedule D:\project\users\coindataService\node_modules\egg-logrotator\app\schedule\rotate_by_file.js
2020-12-11 16:39:08,916 INFO 11216 [egg-schedule]: register schedule D:\project\users\coindataService\node_modules\egg-multipart\app\schedule\clean_tmpdir.js
2020-12-11 16:39:08,916 INFO 11216 [egg-schedule]: register schedule D:\project\users\coindataService\node_modules\egg-logrotator\app\schedule\clean_log.js
2020-12-11 16:39:08,916 INFO 11216 [egg-schedule]: register schedule D:\project\users\coindataService\node_modules\egg-logrotator\app\schedule\rotate_by_file.js
2020-12-11 16:39:31,356 INFO 13276 [egg-schedule]: register schedule D:\project\users\coindataService\node_modules\egg-multipart\app\schedule\clean_tmpdir.js
2020-12-11 16:39:31,356 INFO 13276 [egg-schedule]: register schedule D:\project\users\coindataService\node_modules\egg-logrotator\app\schedule\clean_log.js
2020-12-11 16:39:31,356 INFO 13276 [egg-schedule]: register schedule D:\project\users\coindataService\node_modules\egg-logrotator\app\schedule\rotate_by_file.js
2020-12-11 16:40:08,629 INFO 13864 [egg-schedule]: register schedule D:\project\users\coindataService\node_modules\egg-multipart\app\schedule\clean_tmpdir.js
2020-12-11 16:40:08,629 INFO 13864 [egg-schedule]: register schedule D:\project\users\coindataService\node_modules\egg-logrotator\app\schedule\clean_log.js
2020-12-11 16:40:08,629 INFO 13864 [egg-schedule]: register schedule D:\project\users\coindataService\node_modules\egg-logrotator\app\schedule\rotate_by_file.js
2020-12-11 16:40:11,966 INFO 5556 [egg-schedule]: register schedule D:\project\users\coindataService\node_modules\egg-multipart\app\schedule\clean_tmpdir.js
2020-12-11 16:40:11,966 INFO 5556 [egg-schedule]: register schedule D:\project\users\coindataService\node_modules\egg-logrotator\app\schedule\clean_log.js
2020-12-11 16:40:11,966 INFO 5556 [egg-schedule]: register schedule D:\project\users\coindataService\node_modules\egg-logrotator\app\schedule\rotate_by_file.js
2020-12-11 16:41:42,236 INFO 12948 [egg-schedule]: register schedule D:\project\users\coindataService\node_modules\egg-multipart\app\schedule\clean_tmpdir.js
2020-12-11 16:41:42,236 INFO 12948 [egg-schedule]: register schedule D:\project\users\coindataService\node_modules\egg-logrotator\app\schedule\clean_log.js
2020-12-11 16:41:42,236 INFO 12948 [egg-schedule]: register schedule D:\project\users\coindataService\node_modules\egg-logrotator\app\schedule\rotate_by_file.js
2020-12-11 16:42:31,547 INFO 5308 [egg-schedule]: register schedule D:\project\users\coindataService\node_modules\egg-multipart\app\schedule\clean_tmpdir.js
2020-12-11 16:42:31,548 INFO 5308 [egg-schedule]: register schedule D:\project\users\coindataService\node_modules\egg-logrotator\app\schedule\clean_log.js
2020-12-11 16:42:31,548 INFO 5308 [egg-schedule]: register schedule D:\project\users\coindataService\node_modules\egg-logrotator\app\schedule\rotate_by_file.js
2020-12-11 16:42:39,710 INFO 6992 [egg-schedule]: register schedule D:\project\users\coindataService\node_modules\egg-multipart\app\schedule\clean_tmpdir.js
2020-12-11 16:42:39,710 INFO 6992 [egg-schedule]: register schedule D:\project\users\coindataService\node_modules\egg-logrotator\app\schedule\clean_log.js
2020-12-11 16:42:39,710 INFO 6992 [egg-schedule]: register schedule D:\project\users\coindataService\node_modules\egg-logrotator\app\schedule\rotate_by_file.js
2020-12-11 16:42:46,894 INFO 10432 [egg-schedule]: register schedule D:\project\users\coindataService\node_modules\egg-multipart\app\schedule\clean_tmpdir.js
2020-12-11 16:42:46,894 INFO 10432 [egg-schedule]: register schedule D:\project\users\coindataService\node_modules\egg-logrotator\app\schedule\clean_log.js
2020-12-11 16:42:46,894 INFO 10432 [egg-schedule]: register schedule D:\project\users\coindataService\node_modules\egg-logrotator\app\schedule\rotate_by_file.js
2020-12-11 16:44:54,628 INFO 11036 [egg-schedule]: register schedule D:\project\users\coindataService\node_modules\egg-multipart\app\schedule\clean_tmpdir.js
2020-12-11 16:44:54,628 INFO 11036 [egg-schedule]: register schedule D:\project\users\coindataService\node_modules\egg-logrotator\app\schedule\clean_log.js
2020-12-11 16:44:54,628 INFO 11036 [egg-schedule]: register schedule D:\project\users\coindataService\node_modules\egg-logrotator\app\schedule\rotate_by_file.js
2020-12-11 16:45:07,048 INFO 11128 [egg-schedule]: register schedule D:\project\users\coindataService\node_modules\egg-multipart\app\schedule\clean_tmpdir.js
2020-12-11 16:45:07,048 INFO 11128 [egg-schedule]: register schedule D:\project\users\coindataService\node_modules\egg-logrotator\app\schedule\clean_log.js
2020-12-11 16:45:07,048 INFO 11128 [egg-schedule]: register schedule D:\project\users\coindataService\node_modules\egg-logrotator\app\schedule\rotate_by_file.js
2020-12-11 17:00:19,018 INFO 12440 [egg-schedule]: register schedule D:\project\users\coindataService\node_modules\egg-multipart\app\schedule\clean_tmpdir.js
2020-12-11 17:00:19,018 INFO 12440 [egg-schedule]: register schedule D:\project\users\coindataService\node_modules\egg-logrotator\app\schedule\clean_log.js
2020-12-11 17:00:19,018 INFO 12440 [egg-schedule]: register schedule D:\project\users\coindataService\node_modules\egg-logrotator\app\schedule\rotate_by_file.js
2020-12-11 17:03:16,904 INFO 7036 [egg-schedule]: register schedule D:\project\users\coindataService\node_modules\egg-multipart\app\schedule\clean_tmpdir.js
2020-12-11 17:03:16,904 INFO 7036 [egg-schedule]: register schedule D:\project\users\coindataService\node_modules\egg-logrotator\app\schedule\clean_log.js
2020-12-11 17:03:16,904 INFO 7036 [egg-schedule]: register schedule D:\project\users\coindataService\node_modules\egg-logrotator\app\schedule\rotate_by_file.js
2020-12-11 17:03:18,637 INFO 1312 [egg-schedule]: register schedule D:\project\users\coindataService\node_modules\egg-multipart\app\schedule\clean_tmpdir.js
2020-12-11 17:03:18,637 INFO 1312 [egg-schedule]: register schedule D:\project\users\coindataService\node_modules\egg-logrotator\app\schedule\clean_log.js
2020-12-11 17:03:18,637 INFO 1312 [egg-schedule]: register schedule D:\project\users\coindataService\node_modules\egg-logrotator\app\schedule\rotate_by_file.js
2020-12-11 17:28:52,122 INFO 12580 [egg-schedule]: register schedule D:\project\users\coindataService\node_modules\egg-multipart\app\schedule\clean_tmpdir.js
2020-12-11 17:28:52,122 INFO 12580 [egg-schedule]: register schedule D:\project\users\coindataService\node_modules\egg-logrotator\app\schedule\clean_log.js
2020-12-11 17:28:52,122 INFO 12580 [egg-schedule]: register schedule D:\project\users\coindataService\node_modules\egg-logrotator\app\schedule\rotate_by_file.js
2020-12-13 20:46:46,758 INFO 5224 [Timer] E:\team\userTeam\coindataService\node_modules\egg-multipart\app\schedule\clean_tmpdir.js next time will execute after 27793245ms at 2020-12-14 04:30:00.003
2020-12-13 20:46:46,759 INFO 5224 [Timer] E:\team\userTeam\coindataService\node_modules\egg-logrotator\app\schedule\clean_log.js next time will execute after 11593242ms at 2020-12-14 00:00:00.001
2020-12-13 20:46:46,759 INFO 5224 [Timer] E:\team\userTeam\coindataService\node_modules\egg-logrotator\app\schedule\rotate_by_file.js next time will execute after 11594241ms at 2020-12-14 00:00:01.000
2020-12-13 20:46:46,543 INFO 18416 [egg-schedule]: register schedule E:\team\userTeam\coindataService\node_modules\egg-multipart\app\schedule\clean_tmpdir.js
2020-12-13 20:46:46,543 INFO 18416 [egg-schedule]: register schedule E:\team\userTeam\coindataService\node_modules\egg-logrotator\app\schedule\clean_log.js
2020-12-13 20:46:46,543 INFO 18416 [egg-schedule]: register schedule E:\team\userTeam\coindataService\node_modules\egg-logrotator\app\schedule\rotate_by_file.js
2020-12-13 22:13:07,872 INFO 7096 [egg-schedule]: register schedule E:\team\userTeam\coindataService\node_modules\egg-multipart\app\schedule\clean_tmpdir.js
2020-12-13 22:13:07,872 INFO 7096 [egg-schedule]: register schedule E:\team\userTeam\coindataService\node_modules\egg-logrotator\app\schedule\clean_log.js
2020-12-13 22:13:07,872 INFO 7096 [egg-schedule]: register schedule E:\team\userTeam\coindataService\node_modules\egg-logrotator\app\schedule\rotate_by_file.js
2020-12-13 22:13:43,294 INFO 11140 [egg-schedule]: register schedule E:\team\userTeam\coindataService\node_modules\egg-multipart\app\schedule\clean_tmpdir.js
2020-12-13 22:13:43,294 INFO 11140 [egg-schedule]: register schedule E:\team\userTeam\coindataService\node_modules\egg-logrotator\app\schedule\clean_log.js
2020-12-13 22:13:43,294 INFO 11140 [egg-schedule]: register schedule E:\team\userTeam\coindataService\node_modules\egg-logrotator\app\schedule\rotate_by_file.js
2020-12-13 22:14:09,663 INFO 18972 [egg-schedule]: register schedule E:\team\userTeam\coindataService\node_modules\egg-multipart\app\schedule\clean_tmpdir.js
2020-12-13 22:14:09,663 INFO 18972 [egg-schedule]: register schedule E:\team\userTeam\coindataService\node_modules\egg-logrotator\app\schedule\clean_log.js
2020-12-13 22:14:09,663 INFO 18972 [egg-schedule]: register schedule E:\team\userTeam\coindataService\node_modules\egg-logrotator\app\schedule\rotate_by_file.js
2020-12-13 22:14:39,997 INFO 2500 [egg-schedule]: register schedule E:\team\userTeam\coindataService\node_modules\egg-multipart\app\schedule\clean_tmpdir.js
2020-12-13 22:14:39,997 INFO 2500 [egg-schedule]: register schedule E:\team\userTeam\coindataService\node_modules\egg-logrotator\app\schedule\clean_log.js
2020-12-13 22:14:39,997 INFO 2500 [egg-schedule]: register schedule E:\team\userTeam\coindataService\node_modules\egg-logrotator\app\schedule\rotate_by_file.js
2020-12-13 22:17:55,559 INFO 11284 [egg-schedule]: register schedule E:\team\userTeam\coindataService\node_modules\egg-multipart\app\schedule\clean_tmpdir.js
2020-12-13 22:17:55,559 INFO 11284 [egg-schedule]: register schedule E:\team\userTeam\coindataService\node_modules\egg-logrotator\app\schedule\clean_log.js
2020-12-13 22:17:55,559 INFO 11284 [egg-schedule]: register schedule E:\team\userTeam\coindataService\node_modules\egg-logrotator\app\schedule\rotate_by_file.js
2020-12-13 22:18:20,619 INFO 15500 [egg-schedule]: register schedule E:\team\userTeam\coindataService\node_modules\egg-multipart\app\schedule\clean_tmpdir.js
2020-12-13 22:18:20,619 INFO 15500 [egg-schedule]: register schedule E:\team\userTeam\coindataService\node_modules\egg-logrotator\app\schedule\clean_log.js
2020-12-13 22:18:20,619 INFO 15500 [egg-schedule]: register schedule E:\team\userTeam\coindataService\node_modules\egg-logrotator\app\schedule\rotate_by_file.js
2020-12-13 22:20:30,714 INFO 6588 [egg-schedule]: register schedule E:\team\userTeam\coindataService\node_modules\egg-multipart\app\schedule\clean_tmpdir.js
2020-12-13 22:20:30,714 INFO 6588 [egg-schedule]: register schedule E:\team\userTeam\coindataService\node_modules\egg-logrotator\app\schedule\clean_log.js
2020-12-13 22:20:30,714 INFO 6588 [egg-schedule]: register schedule E:\team\userTeam\coindataService\node_modules\egg-logrotator\app\schedule\rotate_by_file.js
2020-12-13 22:21:37,609 INFO 17304 [egg-schedule]: register schedule E:\team\userTeam\coindataService\node_modules\egg-multipart\app\schedule\clean_tmpdir.js
2020-12-13 22:21:37,609 INFO 17304 [egg-schedule]: register schedule E:\team\userTeam\coindataService\node_modules\egg-logrotator\app\schedule\clean_log.js
2020-12-13 22:21:37,609 INFO 17304 [egg-schedule]: register schedule E:\team\userTeam\coindataService\node_modules\egg-logrotator\app\schedule\rotate_by_file.js
2020-12-13 22:23:37,030 INFO 11108 [egg-schedule]: register schedule E:\team\userTeam\coindataService\node_modules\egg-multipart\app\schedule\clean_tmpdir.js
2020-12-13 22:23:37,030 INFO 11108 [egg-schedule]: register schedule E:\team\userTeam\coindataService\node_modules\egg-logrotator\app\schedule\clean_log.js
2020-12-13 22:23:37,031 INFO 11108 [egg-schedule]: register schedule E:\team\userTeam\coindataService\node_modules\egg-logrotator\app\schedule\rotate_by_file.js
2020-12-13 22:25:00,948 INFO 16660 [egg-schedule]: register schedule E:\team\userTeam\coindataService\node_modules\egg-multipart\app\schedule\clean_tmpdir.js
2020-12-13 22:25:00,948 INFO 16660 [egg-schedule]: register schedule E:\team\userTeam\coindataService\node_modules\egg-logrotator\app\schedule\clean_log.js
2020-12-13 22:25:00,948 INFO 16660 [egg-schedule]: register schedule E:\team\userTeam\coindataService\node_modules\egg-logrotator\app\schedule\rotate_by_file.js
2020-12-13 22:25:07,910 INFO 17156 [egg-schedule]: register schedule E:\team\userTeam\coindataService\node_modules\egg-multipart\app\schedule\clean_tmpdir.js
2020-12-13 22:25:07,910 INFO 17156 [egg-schedule]: register schedule E:\team\userTeam\coindataService\node_modules\egg-logrotator\app\schedule\clean_log.js
2020-12-13 22:25:07,910 INFO 17156 [egg-schedule]: register schedule E:\team\userTeam\coindataService\node_modules\egg-logrotator\app\schedule\rotate_by_file.js
2020-12-13 22:27:38,517 INFO 2672 [egg-schedule]: register schedule E:\team\userTeam\coindataService\node_modules\egg-multipart\app\schedule\clean_tmpdir.js
2020-12-13 22:27:38,517 INFO 2672 [egg-schedule]: register schedule E:\team\userTeam\coindataService\node_modules\egg-logrotator\app\schedule\clean_log.js
2020-12-13 22:27:38,517 INFO 2672 [egg-schedule]: register schedule E:\team\userTeam\coindataService\node_modules\egg-logrotator\app\schedule\rotate_by_file.js
2020-12-13 22:28:43,261 INFO 1432 [egg-schedule]: register schedule E:\team\userTeam\coindataService\node_modules\egg-multipart\app\schedule\clean_tmpdir.js
2020-12-13 22:28:43,261 INFO 1432 [egg-schedule]: register schedule E:\team\userTeam\coindataService\node_modules\egg-logrotator\app\schedule\clean_log.js
2020-12-13 22:28:43,261 INFO 1432 [egg-schedule]: register schedule E:\team\userTeam\coindataService\node_modules\egg-logrotator\app\schedule\rotate_by_file.js
2020-12-13 22:28:49,877 INFO 20152 [egg-schedule]: register schedule E:\team\userTeam\coindataService\node_modules\egg-multipart\app\schedule\clean_tmpdir.js
2020-12-13 22:28:49,877 INFO 20152 [egg-schedule]: register schedule E:\team\userTeam\coindataService\node_modules\egg-logrotator\app\schedule\clean_log.js
2020-12-13 22:28:49,877 INFO 20152 [egg-schedule]: register schedule E:\team\userTeam\coindataService\node_modules\egg-logrotator\app\schedule\rotate_by_file.js
2020-12-13 22:28:57,433 INFO 17488 [egg-schedule]: register schedule E:\team\userTeam\coindataService\node_modules\egg-multipart\app\schedule\clean_tmpdir.js
2020-12-13 22:28:57,434 INFO 17488 [egg-schedule]: register schedule E:\team\userTeam\coindataService\node_modules\egg-logrotator\app\schedule\clean_log.js
2020-12-13 22:28:57,434 INFO 17488 [egg-schedule]: register schedule E:\team\userTeam\coindataService\node_modules\egg-logrotator\app\schedule\rotate_by_file.js
2020-12-13 22:29:40,353 INFO 6716 [egg-schedule]: register schedule E:\team\userTeam\coindataService\node_modules\egg-multipart\app\schedule\clean_tmpdir.js
2020-12-13 22:29:40,353 INFO 6716 [egg-schedule]: register schedule E:\team\userTeam\coindataService\node_modules\egg-logrotator\app\schedule\clean_log.js
2020-12-13 22:29:40,353 INFO 6716 [egg-schedule]: register schedule E:\team\userTeam\coindataService\node_modules\egg-logrotator\app\schedule\rotate_by_file.js
2020-12-13 22:30:22,295 INFO 6804 [egg-schedule]: register schedule E:\team\userTeam\coindataService\node_modules\egg-multipart\app\schedule\clean_tmpdir.js
2020-12-13 22:30:22,295 INFO 6804 [egg-schedule]: register schedule E:\team\userTeam\coindataService\node_modules\egg-logrotator\app\schedule\clean_log.js
2020-12-13 22:30:22,295 INFO 6804 [egg-schedule]: register schedule E:\team\userTeam\coindataService\node_modules\egg-logrotator\app\schedule\rotate_by_file.js
2020-12-13 22:30:31,339 INFO 19000 [egg-schedule]: register schedule E:\team\userTeam\coindataService\node_modules\egg-multipart\app\schedule\clean_tmpdir.js
2020-12-13 22:30:31,339 INFO 19000 [egg-schedule]: register schedule E:\team\userTeam\coindataService\node_modules\egg-logrotator\app\schedule\clean_log.js
2020-12-13 22:30:31,339 INFO 19000 [egg-schedule]: register schedule E:\team\userTeam\coindataService\node_modules\egg-logrotator\app\schedule\rotate_by_file.js
2020-12-13 22:30:36,605 INFO 9052 [egg-schedule]: register schedule E:\team\userTeam\coindataService\node_modules\egg-multipart\app\schedule\clean_tmpdir.js
2020-12-13 22:30:36,605 INFO 9052 [egg-schedule]: register schedule E:\team\userTeam\coindataService\node_modules\egg-logrotator\app\schedule\clean_log.js
2020-12-13 22:30:36,605 INFO 9052 [egg-schedule]: register schedule E:\team\userTeam\coindataService\node_modules\egg-logrotator\app\schedule\rotate_by_file.js
2020-12-13 22:30:51,201 INFO 14776 [egg-schedule]: register schedule E:\team\userTeam\coindataService\node_modules\egg-multipart\app\schedule\clean_tmpdir.js
2020-12-13 22:30:51,201 INFO 14776 [egg-schedule]: register schedule E:\team\userTeam\coindataService\node_modules\egg-logrotator\app\schedule\clean_log.js
2020-12-13 22:30:51,201 INFO 14776 [egg-schedule]: register schedule E:\team\userTeam\coindataService\node_modules\egg-logrotator\app\schedule\rotate_by_file.js
2020-12-13 22:33:46,017 INFO 20396 [egg-schedule]: register schedule E:\team\userTeam\coindataService\node_modules\egg-multipart\app\schedule\clean_tmpdir.js
2020-12-13 22:33:46,017 INFO 20396 [egg-schedule]: register schedule E:\team\userTeam\coindataService\node_modules\egg-logrotator\app\schedule\clean_log.js
2020-12-13 22:33:46,017 INFO 20396 [egg-schedule]: register schedule E:\team\userTeam\coindataService\node_modules\egg-logrotator\app\schedule\rotate_by_file.js
2020-12-13 22:43:45,138 INFO 3288 [egg-schedule]: register schedule E:\team\userTeam\coindataService\node_modules\egg-multipart\app\schedule\clean_tmpdir.js
2020-12-13 22:43:45,138 INFO 3288 [egg-schedule]: register schedule E:\team\userTeam\coindataService\node_modules\egg-logrotator\app\schedule\clean_log.js
2020-12-13 22:43:45,138 INFO 3288 [egg-schedule]: register schedule E:\team\userTeam\coindataService\node_modules\egg-logrotator\app\schedule\rotate_by_file.js
2020-12-13 22:43:46,836 INFO 13584 [egg-schedule]: register schedule E:\team\userTeam\coindataService\node_modules\egg-multipart\app\schedule\clean_tmpdir.js
2020-12-13 22:43:46,836 INFO 13584 [egg-schedule]: register schedule E:\team\userTeam\coindataService\node_modules\egg-logrotator\app\schedule\clean_log.js
2020-12-13 22:43:46,836 INFO 13584 [egg-schedule]: register schedule E:\team\userTeam\coindataService\node_modules\egg-logrotator\app\schedule\rotate_by_file.js
